1417458532587727 - Page.goto: Target page, context or browser has been closed
Call log:
  - navigating to "https://www.facebook.com/marketplace/item/1417458532587727/", waiting until "load"

1420298625994437 - Page.goto: Target page, context or browser has been closed
1430543051310726 - Page.goto: Target page, context or browser has been closed
1460588854919494 - Page.goto: Target page, context or browser has been closed
1462723554427890 - Page.goto: Target page, context or browser has been closed
1469421997374194 - Page.goto: Target page, context or browser has been closed
1506553950750006 - Page.goto: Target page, context or browser has been closed
1533395467921172 - Page.goto: Target page, context or browser has been closed
1553832468620694 - Page.goto: Target page, context or browser has been closed
1578679139496389 - Page.goto: Target page, context or browser has been closed
1591544131512442 - Page.goto: Target page, context or browser has been closed
1604307810275591 - Page.goto: Target page, context or browser has been closed
1646740919299185 - Page.goto: Target page, context or browser has been closed
1647057919275961 - Page.goto: Target page, context or browser has been closed
1648162722753549 - Page.goto: Target page, context or browser has been closed
1656259878410504 - Page.goto: Target page, context or browser has been closed
1658762581730181 - Page.goto: Target page, context or browser has been closed
1671048866947273 - Page.goto: Target page, context or browser has been closed
1673458773263417 - Page.goto: Target page, context or browser has been closed
1675336850021707 - Page.goto: Target page, context or browser has been closed
1689403775004863 - Page.goto: Target page, context or browser has been closed
1693863621267526 - Page.goto: Target page, context or browser has been closed
1701933091207298 - Page.goto: Target page, context or browser has been closed
1720241515528927 - Page.goto: Target page, context or browser has been closed
1726671334954594 - Page.goto: Target page, context or browser has been closed
1734469984165510 - Page.goto: Target page, context or browser has been closed
1737319790181310 - Page.goto: Target page, context or browser has been closed
1741270629599835 - Page.goto: Target page, context or browser has been closed
1760013471248149 - Page.goto: Target page, context or browser has been closed
1780390142573699 - Page.goto: Target page, context or browser has been closed
1788315805364646 - Page.goto: Target page, context or browser has been closed
1791594361685603 - Page.goto: Target page, context or browser has been closed
1796834010887040 - Page.goto: Target page, context or browser has been closed
1825843977972844 - Page.goto: Target page, context or browser has been closed
1860889747994924 - Page.goto: Target page, context or browser has been closed
1869816690257591 - Page.goto: Target page, context or browser has been closed
1872495320261838 - Page.goto: Target page, context or browser has been closed
1892914251460658 - Page.goto: Target page, context or browser has been closed
1994145174403448 - Page.goto: Target page, context or browser has been closed
2001207990288134 - Page.goto: Target page, context or browser has been closed
2054311211716945 - Page.goto: Target page, context or browser has been closed
2062929890878023 - Page.goto: Target page, context or browser has been closed
2070324666810526 - Page.goto: Target page, context or browser has been closed
2091384904621564 - Page.goto: Target page, context or browser has been closed
2108924779534553 - Page.goto: Target page, context or browser has been closed
2160602841045031 - Page.goto: Target page, context or browser has been closed
2169095556853056 - Page.goto: Target page, context or browser has been closed
221224414327242 - Page.goto: Target page, context or browser has been closed
2236817883455774 - Page.goto: Target page, context or browser has been closed
2270995290021832 - Page.goto: Target page, context or browser has been closed
2382089735484788 - Page.goto: Target page, context or browser has been closed
2398829367152355 - Page.goto: Target page, context or browser has been closed
2436465186739337 - Page.goto: Target page, context or browser has been closed
2511543322514148 - Page.goto: Target page, context or browser has been closed
251795287991163 - Page.goto: Target page, context or browser has been closed
2521839161494709 - Page.goto: Target page, context or browser has been closed
2537598836429528 - Page.goto: Target page, context or browser has been closed
2664870290377782 - Page.goto: Target page, context or browser has been closed
2711876885677968 - Page.goto: Target page, context or browser has been closed
2822145434654410 - Page.goto: Target page, context or browser has been closed
284101174460936 - Page.goto: Target page, context or browser has been closed
29008304868752912 - Page.goto: Target page, context or browser has been closed
3001968753312997 - Page.goto: Target page, context or browser has been closed
3023683194451439 - Page.goto: Target page, context or browser has been closed
3158095464358686 - Page.goto: Target page, context or browser has been closed
3246659455491509 - Page.goto: Target page, context or browser has been closed
3505694899738770 - Page.goto: Target page, context or browser has been closed
3660776290894753 - Page.goto: Target page, context or browser has been closed
3820157628130551 - Page.goto: Target page, context or browser has been closed
3842530776006745 - Page.goto: Target page, context or browser has been closed
3859615770922648 - Page.goto: Target page, context or browser has been closed
3913644352183898 - Page.goto: Target page, context or browser has been closed
3917427231921264 - Page.goto: Target page, context or browser has been closed
3923605861210838 - Page.goto: Target page, context or browser has been closed
3931916863803992 - Page.goto: Target page, context or browser has been closed
3950573095089221 - Page.goto: Target page, context or browser has been closed
3952872861648492 - Page.goto: Target page, context or browser has been closed
3959375217644044 - Page.goto: Target page, context or browser has been closed
4008813479356564 - Page.goto: Target page, context or browser has been closed
4132285250429183 - Page.goto: Target page, context or browser has been closed
4160069030891348 - Page.goto: Target page, context or browser has been closed
426943677142102 - Page.goto: Target page, context or browser has been closed
444674392045479 - Page.goto: Target page, context or browser has been closed
467759089731698 - Page.goto: Target page, context or browser has been closed
474010242201883 - Page.goto: Target page, context or browser has been closed
500479916007331 - Page.goto: Target page, context or browser has been closed
500907989673078 - Page.goto: Target page, context or browser has been closed
522070030859103 - Page.goto: Target page, context or browser has been closed
539465675667644 - Page.goto: Target page, context or browser has been closed
568731719126722 - Page.goto: Target page, context or browser has been closed
569467702617961 - Page.goto: Target page, context or browser has been closed
574593572300721 - Page.goto: Target page, context or browser has been closed
582044854379400 - Page.goto: Target page, context or browser has been closed
583249968001563 - Page.goto: Target page, context or browser has been closed
584367507996850 - Page.goto: Target page, context or browser has been closed
591172393235177 - Page.goto: Target page, context or browser has been closed
594863582940234 - Page.goto: Target page, context or browser has been closed
599959149331601 - Page.goto: Target page, context or browser has been closed
603136935456642 - Page.goto: Target page, context or browser has been closed
617745617725763 - Page.goto: Target page, context or browser has been closed
623932907297380 - Page.goto: Target page, context or browser has been closed
626977986648963 - Page.goto: Target page, context or browser has been closed
627136100127570 - Page.goto: Target page, context or browser has been closed
631861236349308 - Page.goto: Target page, context or browser has been closed
638142645761424 - Page.goto: Target page, context or browser has been closed
647342874470081 - Page.goto: Target page, context or browser has been closed
651052914222449 - Page.goto: Target page, context or browser has been closed
654707290470421 - Page.goto: Target page, context or browser has been closed
654827900713961 - Page.goto: Target page, context or browser has been closed
660934966743739 - Page.goto: Target page, context or browser has been closed
661974623113246 - Page.goto: Target page, context or browser has been closed
663767513168931 - Page.goto: Target page, context or browser has been closed
665891726229373 - Page.goto: Target page, context or browser has been closed
666041652875212 - Page.goto: Target page, context or browser has been closed
667092402813087 - Page.goto: Target page, context or browser has been closed
672636362156869 - Page.goto: Target page, context or browser has been closed
673188225557635 - Page.goto: Target page, context or browser has been closed
680260541598407 - Page.goto: Target page, context or browser has been closed
681688100967501 - Page.goto: Target page, context or browser has been closed
682952887599598 - Page.goto: Target page, context or browser has been closed
684485847551003 - Page.goto: Target page, context or browser has been closed
685884963771128 - Page.goto: Target page, context or browser has been closed
688253217696665 - Page.goto: Target page, context or browser has been closed
689269680554910 - Page.goto: Target page, context or browser has been closed
693042466640430 - Page.goto: Target page, context or browser has been closed
695082516258073 - Page.goto: Target page, context or browser has been closed
695663042851063 - Page.goto: Target page, context or browser has been closed
700715649783947 - Page.goto: Target page, context or browser has been closed
701348395631543 - Page.goto: Target page, context or browser has been closed
701918235617717 - Page.goto: Target page, context or browser has been closed
703511195497746 - Page.goto: Target page, context or browser has been closed
703979565499087 - Page.goto: Target page, context or browser has been closed
705038998647944 - Page.goto: Target page, context or browser has been closed
705328855324010 - Page.goto: Target page, context or browser has been closed
706625831819961 - Page.goto: Target page, context or browser has been closed
706961285124653 - Page.goto: Target page, context or browser has been closed
708510725089498 - Page.goto: Target page, context or browser has been closed
710566971315867 - Page.goto: Target page, context or browser has been closed
711486928061363 - Page.goto: Target page, context or browser has been closed
714075564300350 - Page.goto: Target page, context or browser has been closed
721154587097919 - Page.goto: Target page, context or browser has been closed
733628409228177 - Page.goto: Target page, context or browser has been closed
734333392391263 - Page.goto: Target page, context or browser has been closed
754191543704333 - Page.goto: Target page, context or browser has been closed
790041393326806 - Page.goto: Target page, context or browser has been closed
861664549458957 - Page.goto: Target page, context or browser has been closed
893940916211608 - Page.goto: Target page, context or browser has been closed
895426756042600 - Page.goto: Target page, context or browser has been closed
918820233606146 - Page.goto: Target page, context or browser has been closed
9304643809662592 - Page.goto: Target page, context or browser has been closed
9419714824805018 - Page.goto: Target page, context or browser has been closed
9448270218572042 - Page.goto: Target page, context or browser has been closed
9479356322117984 - Page.goto: Target page, context or browser has been closed
951796356864819 - Page.goto: Target page, context or browser has been closed
958857773009195 - Page.goto: Target page, context or browser has been closed
9670107503084255 - Page.goto: Target page, context or browser has been closed
974590521485900 - Page.goto: Target page, context or browser has been closed
981939093915014 - Page.goto: Target page, context or browser has been closed
981960360793362 - Page.goto: Target page, context or browser has been closed
991991699722560 - Page.goto: Target page, context or browser has been closed
9928414660582255 - Page.goto: Target page, context or browser has been closed
1002584185401412 - Locator.get_attribute: Timeout 30000ms exceeded.
Call log:
  - waiting for locator("img[alt^=\"Foto de\"]").first

