2025-05-28 13:40:08,598 - INFO - Repositorio maestro cargado con 712 propiedades
2025-05-28 13:44:32,326 - INFO - Repositorio maestro cargado con 0 propiedades
2025-05-28 13:44:33,419 - INFO - Procesando 1047811786293756 - https://www.facebook.com/marketplace/item/1047811786293756
2025-05-28 13:44:41,884 - INFO - Propiedad no disponible: Publicación no disponible
2025-05-28 13:44:41,885 - INFO - Procesando 937901584362270 - https://www.facebook.com/marketplace/item/937901584362270
2025-05-28 13:44:54,005 - INFO - Propiedad no disponible: Publicación no disponible
2025-05-28 13:44:54,005 - INFO - Procesando 1384876555471161 - https://www.facebook.com/marketplace/item/1384876555471161
2025-05-28 13:45:01,054 - INFO - Propiedad no disponible: Publicación no disponible
2025-05-28 13:45:01,054 - INFO - Procesando 1341548179858561 - https://www.facebook.com/marketplace/item/1341548179858561
2025-05-28 13:45:10,424 - INFO - Propiedad no disponible: Publicación no disponible
2025-05-28 13:45:10,424 - INFO - Procesando 919030729703357 - https://www.facebook.com/marketplace/item/919030729703357
2025-05-28 13:45:17,404 - INFO - Propiedad no disponible: Publicación no disponible
2025-05-28 15:00:58,609 - INFO - Repositorio maestro cargado con 5 propiedades
2025-05-28 15:01:00,368 - INFO - Procesando 1001221585293137 - https://www.facebook.com/marketplace/item/1001221585293137/
2025-05-28 15:01:40,944 - INFO - Datos extraídos en 40.6s
2025-05-28 15:01:40,944 - INFO - Procesando 1002188608698098 - https://www.facebook.com/marketplace/item/1002188608698098/
2025-05-28 15:02:17,943 - INFO - Datos extraídos en 37.0s
2025-05-28 15:02:17,944 - INFO - Procesando 1002198755279328 - https://www.facebook.com/marketplace/item/1002198755279328/
2025-05-28 15:02:56,756 - INFO - Datos extraídos en 38.8s
2025-05-28 15:02:56,756 - INFO - Procesando 10031283166916412 - https://www.facebook.com/marketplace/item/10031283166916412/
2025-05-28 15:03:34,273 - INFO - Datos extraídos en 37.5s
2025-05-28 15:03:34,274 - INFO - Procesando 1003299081974773 - https://www.facebook.com/marketplace/item/1003299081974773/
2025-05-28 15:04:11,922 - INFO - Datos extraídos en 37.6s
2025-05-28 15:04:11,923 - INFO - Procesando 1003317794667400 - https://www.facebook.com/marketplace/item/1003317794667400/
2025-05-28 15:04:49,029 - INFO - Datos extraídos en 37.1s
2025-05-28 15:04:49,029 - INFO - Procesando 10047928238593271 - https://www.facebook.com/marketplace/item/10047928238593271/
2025-05-28 15:05:27,641 - INFO - Datos extraídos en 38.6s
2025-05-28 15:05:27,641 - INFO - Procesando 1005078538247666 - https://www.facebook.com/marketplace/item/1005078538247666/
2025-05-28 15:06:07,426 - INFO - Datos extraídos en 39.8s
2025-05-28 15:06:07,426 - INFO - Procesando 1005769855054621 - https://www.facebook.com/marketplace/item/1005769855054621/
2025-05-28 15:08:13,269 - INFO - Repositorio maestro cargado con 5 propiedades
2025-05-28 15:08:13,270 - INFO - 
Total de propiedades: 729
2025-05-28 15:08:13,270 - INFO - Pendientes por procesar: 724
2025-05-28 15:08:13,270 - INFO - No disponibles: 5
2025-05-28 15:08:13,270 - INFO - Ya procesadas: 0
2025-05-28 15:08:14,102 - INFO - Procesando 1001221585293137 - https://www.facebook.com/marketplace/item/1001221585293137/
2025-05-28 15:08:22,334 - INFO - Procesando 1001221585293137 - https://www.facebook.com/marketplace/item/1001221585293137/
2025-05-28 15:09:01,317 - INFO - Datos extraídos en 39.0s
2025-05-28 15:09:01,318 - INFO - ✓ Datos extraídos en 47.2s
2025-05-28 15:09:01,318 - INFO - Procesando 1002188608698098 - https://www.facebook.com/marketplace/item/1002188608698098/
2025-05-28 15:09:08,499 - INFO - Procesando 1002188608698098 - https://www.facebook.com/marketplace/item/1002188608698098/
2025-05-28 15:09:48,529 - INFO - Datos extraídos en 40.0s
2025-05-28 15:09:48,529 - INFO - ✓ Datos extraídos en 47.2s
2025-05-28 15:09:48,530 - INFO - Procesando 1002198755279328 - https://www.facebook.com/marketplace/item/1002198755279328/
2025-05-28 15:09:56,324 - INFO - Procesando 1002198755279328 - https://www.facebook.com/marketplace/item/1002198755279328/
2025-05-28 15:10:35,852 - INFO - Datos extraídos en 39.5s
2025-05-28 15:10:35,853 - INFO - ✓ Datos extraídos en 47.3s
2025-05-28 15:10:35,853 - INFO - Procesando 10031283166916412 - https://www.facebook.com/marketplace/item/10031283166916412/
2025-05-28 15:10:41,963 - INFO - Procesando 10031283166916412 - https://www.facebook.com/marketplace/item/10031283166916412/
2025-05-28 15:11:19,509 - INFO - Datos extraídos en 37.5s
2025-05-28 15:11:19,509 - INFO - ✓ Datos extraídos en 43.7s
2025-05-28 15:11:19,510 - INFO - Procesando 1003299081974773 - https://www.facebook.com/marketplace/item/1003299081974773/
2025-05-28 15:11:26,021 - INFO - Procesando 1003299081974773 - https://www.facebook.com/marketplace/item/1003299081974773/
2025-05-28 15:12:03,784 - INFO - Datos extraídos en 37.8s
2025-05-28 15:12:03,785 - INFO - ✓ Datos extraídos en 44.3s
2025-05-28 15:12:03,785 - INFO - Procesando 1003317794667400 - https://www.facebook.com/marketplace/item/1003317794667400/
2025-05-28 15:12:10,279 - INFO - Procesando 1003317794667400 - https://www.facebook.com/marketplace/item/1003317794667400/
2025-05-28 15:12:48,137 - INFO - Datos extraídos en 37.9s
2025-05-28 15:12:48,138 - INFO - ✓ Datos extraídos en 44.4s
2025-05-28 15:12:48,138 - INFO - Procesando 10047928238593271 - https://www.facebook.com/marketplace/item/10047928238593271/
2025-05-28 15:12:54,401 - INFO - Procesando 10047928238593271 - https://www.facebook.com/marketplace/item/10047928238593271/
2025-05-28 15:13:32,487 - INFO - Datos extraídos en 38.1s
2025-05-28 15:13:32,489 - INFO - ✓ Datos extraídos en 44.4s
2025-05-28 15:13:32,489 - INFO - Procesando 1005078538247666 - https://www.facebook.com/marketplace/item/1005078538247666/
2025-05-28 15:13:38,938 - INFO - Procesando 1005078538247666 - https://www.facebook.com/marketplace/item/1005078538247666/
2025-05-28 15:14:18,703 - INFO - Datos extraídos en 39.8s
2025-05-28 15:14:18,705 - INFO - ✓ Datos extraídos en 46.2s
2025-05-28 15:14:18,705 - INFO - Procesando 1005769855054621 - https://www.facebook.com/marketplace/item/1005769855054621/
2025-05-28 15:14:24,702 - INFO - Procesando 1005769855054621 - https://www.facebook.com/marketplace/item/1005769855054621/
2025-05-28 15:15:02,106 - INFO - Datos extraídos en 37.4s
2025-05-28 15:15:02,107 - INFO - ✓ Datos extraídos en 43.4s
2025-05-28 15:15:02,107 - INFO - Procesando 1006568001405315 - https://www.facebook.com/marketplace/item/1006568001405315/
2025-05-28 15:15:10,390 - INFO - Procesando 1006568001405315 - https://www.facebook.com/marketplace/item/1006568001405315/
2025-05-28 15:17:03,270 - INFO - Repositorio maestro cargado con 14 propiedades
2025-05-28 15:17:03,270 - INFO - 
Total de propiedades: 729
2025-05-28 15:17:03,271 - INFO - Pendientes por procesar: 715
2025-05-28 15:17:03,271 - INFO - No disponibles: 5
2025-05-28 15:17:03,271 - INFO - Ya procesadas: 9
2025-05-28 15:17:04,073 - INFO - 
Procesando 1006568001405315 - https://www.facebook.com/marketplace/item/1006568001405315/
2025-05-28 15:17:07,362 - ERROR - ❌ Error procesando 1006568001405315: name 'extraer_precio_mejorado' is not defined
2025-05-28 15:17:07,362 - INFO - 
Procesando 1007677937965156 - https://www.facebook.com/marketplace/item/1007677937965156/
2025-05-28 15:17:10,962 - ERROR - ❌ Error procesando 1007677937965156: name 'extraer_precio_mejorado' is not defined
2025-05-28 15:17:10,963 - INFO - 
Procesando 1008107434806177 - https://www.facebook.com/marketplace/item/1008107434806177/
2025-05-28 15:17:14,646 - ERROR - ❌ Error procesando 1008107434806177: name 'extraer_precio_mejorado' is not defined
2025-05-28 15:17:14,646 - INFO - 
Procesando 10090002507709201 - https://www.facebook.com/marketplace/item/10090002507709201/
2025-05-28 15:17:17,732 - ERROR - ❌ Error procesando 10090002507709201: name 'extraer_precio_mejorado' is not defined
2025-05-28 15:17:17,732 - INFO - 
Procesando 1010679347359658 - https://www.facebook.com/marketplace/item/1010679347359658/
2025-05-28 15:17:20,967 - ERROR - ❌ Error procesando 1010679347359658: name 'extraer_precio_mejorado' is not defined
2025-05-28 15:17:20,968 - INFO - 
Procesando 1011672456998969 - https://www.facebook.com/marketplace/item/1011672456998969/
2025-05-28 15:17:24,235 - ERROR - ❌ Error procesando 1011672456998969: name 'extraer_precio_mejorado' is not defined
2025-05-28 15:17:24,235 - INFO - 
Procesando 1012212144358181 - https://www.facebook.com/marketplace/item/1012212144358181/
2025-05-28 15:17:28,037 - ERROR - ❌ Error procesando 1012212144358181: name 'extraer_precio_mejorado' is not defined
2025-05-28 15:17:28,037 - INFO - 
Procesando 1012255317677609 - https://www.facebook.com/marketplace/item/1012255317677609/
2025-05-28 15:17:31,901 - ERROR - ❌ Error procesando 1012255317677609: name 'extraer_precio_mejorado' is not defined
2025-05-28 15:17:31,901 - INFO - 
Procesando 1014035866786398 - https://www.facebook.com/marketplace/item/1014035866786398/
2025-05-28 15:17:35,479 - ERROR - ❌ Error procesando 1014035866786398: name 'extraer_precio_mejorado' is not defined
2025-05-28 15:17:35,479 - INFO - 
Procesando 1017619867138637 - https://www.facebook.com/marketplace/item/1017619867138637/
2025-05-28 15:17:38,778 - ERROR - ❌ Error procesando 1017619867138637: name 'extraer_precio_mejorado' is not defined
2025-05-28 15:17:38,779 - INFO - Progreso guardado
2025-05-28 15:17:38,779 - INFO - 
Procesando 1017882833794091 - https://www.facebook.com/marketplace/item/1017882833794091/
2025-05-28 15:17:43,092 - ERROR - ❌ Error procesando 1017882833794091: name 'extraer_precio_mejorado' is not defined
2025-05-28 15:17:43,092 - INFO - 
Procesando 1018486910428862 - https://www.facebook.com/marketplace/item/1018486910428862/
2025-05-28 15:17:47,817 - ERROR - ❌ Error procesando 1018486910428862: name 'extraer_precio_mejorado' is not defined
2025-05-28 15:17:47,817 - INFO - 
Procesando 1020239373581571 - https://www.facebook.com/marketplace/item/1020239373581571/
2025-05-28 15:17:51,464 - ERROR - ❌ Error procesando 1020239373581571: name 'extraer_precio_mejorado' is not defined
2025-05-28 15:17:51,464 - INFO - 
Procesando 1022079266680473 - https://www.facebook.com/marketplace/item/1022079266680473/
2025-05-28 15:17:55,342 - ERROR - ❌ Error procesando 1022079266680473: name 'extraer_precio_mejorado' is not defined
2025-05-28 15:17:55,342 - INFO - 
Procesando 1022501023320947 - https://www.facebook.com/marketplace/item/1022501023320947/
2025-05-28 15:17:57,856 - ERROR - ❌ Error procesando 1022501023320947: name 'extraer_precio_mejorado' is not defined
2025-05-28 15:17:57,856 - INFO - 
Procesando 1024069779156031 - https://www.facebook.com/marketplace/item/1024069779156031/
2025-05-28 15:18:00,658 - ERROR - ❌ Error procesando 1024069779156031: name 'extraer_precio_mejorado' is not defined
2025-05-28 15:18:00,658 - INFO - 
Procesando 1026200932454414 - https://www.facebook.com/marketplace/item/1026200932454414/
2025-05-28 15:18:04,820 - ERROR - ❌ Error procesando 1026200932454414: name 'extraer_precio_mejorado' is not defined
2025-05-28 15:18:04,821 - INFO - 
Procesando 1026218422936432 - https://www.facebook.com/marketplace/item/1026218422936432/
2025-05-28 15:18:07,599 - ERROR - ❌ Error procesando 1026218422936432: name 'extraer_precio_mejorado' is not defined
2025-05-28 15:18:07,599 - INFO - 
Procesando 1027521855657911 - https://www.facebook.com/marketplace/item/1027521855657911/
2025-05-28 15:18:10,387 - ERROR - ❌ Error procesando 1027521855657911: name 'extraer_precio_mejorado' is not defined
2025-05-28 15:18:10,388 - INFO - 
Procesando 1027787822267515 - https://www.facebook.com/marketplace/item/1027787822267515/
2025-05-28 15:18:12,500 - ERROR - ❌ Error procesando 1027787822267515: name 'extraer_precio_mejorado' is not defined
2025-05-28 15:18:12,501 - INFO - Progreso guardado
2025-05-28 15:18:12,501 - INFO - 
Procesando 1029128085562101 - https://www.facebook.com/marketplace/item/1029128085562101/
2025-05-28 15:18:15,830 - ERROR - ❌ Error procesando 1029128085562101: name 'extraer_precio_mejorado' is not defined
2025-05-28 15:18:15,830 - INFO - 
Procesando 1029609015409180 - https://www.facebook.com/marketplace/item/1029609015409180/
2025-05-28 15:18:18,205 - ERROR - ❌ Error procesando 1029609015409180: name 'extraer_precio_mejorado' is not defined
2025-05-28 15:18:18,205 - INFO - 
Procesando 1029975209056180 - https://www.facebook.com/marketplace/item/1029975209056180/
2025-05-28 15:18:21,076 - ERROR - ❌ Error procesando 1029975209056180: name 'extraer_precio_mejorado' is not defined
2025-05-28 15:18:21,076 - INFO - 
Procesando 1030140395873030 - https://www.facebook.com/marketplace/item/1030140395873030/
2025-05-28 15:18:23,916 - ERROR - ❌ Error procesando 1030140395873030: name 'extraer_precio_mejorado' is not defined
2025-05-28 15:18:23,916 - INFO - 
Procesando 1030629829015082 - https://www.facebook.com/marketplace/item/1030629829015082/
2025-05-28 15:18:26,693 - ERROR - ❌ Error procesando 1030629829015082: name 'extraer_precio_mejorado' is not defined
2025-05-28 15:18:26,693 - INFO - 
Procesando 1033383718744133 - https://www.facebook.com/marketplace/item/1033383718744133/
2025-05-28 15:18:29,251 - ERROR - ❌ Error procesando 1033383718744133: name 'extraer_precio_mejorado' is not defined
2025-05-28 15:18:29,251 - INFO - 
Procesando 1034058331520608 - https://www.facebook.com/marketplace/item/1034058331520608/
2025-05-28 15:18:32,269 - ERROR - ❌ Error procesando 1034058331520608: name 'extraer_precio_mejorado' is not defined
2025-05-28 15:18:32,269 - INFO - 
Procesando 1034436678238240 - https://www.facebook.com/marketplace/item/1034436678238240/
2025-05-28 15:18:34,792 - ERROR - ❌ Error procesando 1034436678238240: name 'extraer_precio_mejorado' is not defined
2025-05-28 15:18:34,792 - INFO - 
Procesando 1034808624809441 - https://www.facebook.com/marketplace/item/1034808624809441/
2025-05-28 15:18:37,258 - ERROR - ❌ Error procesando 1034808624809441: name 'extraer_precio_mejorado' is not defined
2025-05-28 15:18:37,258 - INFO - 
Procesando 1034949035254464 - https://www.facebook.com/marketplace/item/1034949035254464/
2025-05-28 15:18:39,707 - ERROR - ❌ Error procesando 1034949035254464: name 'extraer_precio_mejorado' is not defined
2025-05-28 15:18:39,707 - INFO - Progreso guardado
2025-05-28 15:18:39,708 - INFO - 
Procesando 1035344701905400 - https://www.facebook.com/marketplace/item/1035344701905400/
2025-05-28 15:18:43,274 - ERROR - ❌ Error procesando 1035344701905400: name 'extraer_precio_mejorado' is not defined
2025-05-28 15:18:43,274 - INFO - 
Procesando 1035430641804342 - https://www.facebook.com/marketplace/item/1035430641804342/
2025-05-28 15:18:45,786 - ERROR - ❌ Error procesando 1035430641804342: name 'extraer_precio_mejorado' is not defined
2025-05-28 15:18:45,786 - INFO - 
Procesando 1035534061927241 - https://www.facebook.com/marketplace/item/1035534061927241/
2025-05-28 15:18:48,505 - ERROR - ❌ Error procesando 1035534061927241: name 'extraer_precio_mejorado' is not defined
2025-05-28 15:18:48,505 - INFO - 
Procesando 1035679131470317 - https://www.facebook.com/marketplace/item/1035679131470317/
2025-05-28 15:18:51,490 - ERROR - ❌ Error procesando 1035679131470317: name 'extraer_precio_mejorado' is not defined
2025-05-28 15:18:51,490 - INFO - 
Procesando 1036569158620198 - https://www.facebook.com/marketplace/item/1036569158620198/
2025-05-28 15:18:53,284 - ERROR - ❌ Error procesando 1036569158620198: name 'extraer_precio_mejorado' is not defined
2025-05-28 15:18:53,284 - INFO - 
Procesando 1036574874556866 - https://www.facebook.com/marketplace/item/1036574874556866/
2025-05-28 15:18:55,912 - ERROR - ❌ Error procesando 1036574874556866: name 'extraer_precio_mejorado' is not defined
2025-05-28 15:18:55,912 - INFO - 
Procesando 1036666191974417 - https://www.facebook.com/marketplace/item/1036666191974417/
2025-05-28 15:18:58,921 - ERROR - ❌ Error procesando 1036666191974417: name 'extraer_precio_mejorado' is not defined
2025-05-28 15:18:58,921 - INFO - 
Procesando 1038209358263904 - https://www.facebook.com/marketplace/item/1038209358263904/
2025-05-28 15:19:01,146 - ERROR - ❌ Error procesando 1038209358263904: name 'extraer_precio_mejorado' is not defined
2025-05-28 15:19:01,147 - INFO - 
Procesando 1038400064421243 - https://www.facebook.com/marketplace/item/1038400064421243/
2025-05-28 15:19:03,244 - ERROR - ❌ Error procesando 1038400064421243: name 'extraer_precio_mejorado' is not defined
2025-05-28 15:19:03,244 - INFO - 
Procesando 1038408577666262 - https://www.facebook.com/marketplace/item/1038408577666262/
2025-05-28 15:19:05,977 - ERROR - ❌ Error procesando 1038408577666262: name 'extraer_precio_mejorado' is not defined
2025-05-28 15:19:05,978 - INFO - Progreso guardado
2025-05-28 15:19:05,978 - INFO - 
Procesando 1038631018216398 - https://www.facebook.com/marketplace/item/1038631018216398/
2025-05-28 15:19:09,825 - ERROR - ❌ Error procesando 1038631018216398: name 'extraer_precio_mejorado' is not defined
2025-05-28 15:19:09,825 - INFO - 
Procesando 1039219367675988 - https://www.facebook.com/marketplace/item/1039219367675988/
2025-05-28 15:19:12,658 - ERROR - ❌ Error procesando 1039219367675988: name 'extraer_precio_mejorado' is not defined
2025-05-28 15:19:12,659 - INFO - 
Procesando 1039424018087234 - https://www.facebook.com/marketplace/item/1039424018087234/
2025-05-28 15:19:15,080 - ERROR - ❌ Error procesando 1039424018087234: name 'extraer_precio_mejorado' is not defined
2025-05-28 15:19:15,080 - INFO - 
Procesando 1040676627971201 - https://www.facebook.com/marketplace/item/1040676627971201/
2025-05-28 15:19:17,116 - ERROR - ❌ Error procesando 1040676627971201: name 'extraer_precio_mejorado' is not defined
2025-05-28 15:19:17,116 - INFO - 
Procesando 1042166473927761 - https://www.facebook.com/marketplace/item/1042166473927761/
2025-05-28 15:19:21,385 - ERROR - ❌ Error procesando 1042166473927761: name 'extraer_precio_mejorado' is not defined
2025-05-28 15:19:21,385 - INFO - 
Procesando 1043099644299706 - https://www.facebook.com/marketplace/item/1043099644299706/
2025-05-28 15:19:23,223 - ERROR - ❌ Error procesando 1043099644299706: name 'extraer_precio_mejorado' is not defined
2025-05-28 15:19:23,223 - INFO - 
Procesando 1043244397702718 - https://www.facebook.com/marketplace/item/1043244397702718/
2025-05-28 15:19:25,724 - ERROR - ❌ Error procesando 1043244397702718: name 'extraer_precio_mejorado' is not defined
2025-05-28 15:19:25,724 - INFO - 
Procesando 1043789227214263 - https://www.facebook.com/marketplace/item/1043789227214263/
2025-05-28 15:19:28,434 - ERROR - ❌ Error procesando 1043789227214263: name 'extraer_precio_mejorado' is not defined
2025-05-28 15:19:28,434 - INFO - 
Procesando 1044679283785867 - https://www.facebook.com/marketplace/item/1044679283785867/
2025-05-28 15:19:32,807 - ERROR - ❌ Error procesando 1044679283785867: name 'extraer_precio_mejorado' is not defined
2025-05-28 15:19:32,807 - INFO - 
Procesando 1044976304251802 - https://www.facebook.com/marketplace/item/1044976304251802/
2025-05-28 15:19:35,668 - ERROR - ❌ Error procesando 1044976304251802: name 'extraer_precio_mejorado' is not defined
2025-05-28 15:19:35,669 - INFO - Progreso guardado
2025-05-28 15:19:35,669 - INFO - 
Procesando 1045830804150352 - https://www.facebook.com/marketplace/item/1045830804150352/
2025-05-28 15:19:38,048 - ERROR - ❌ Error procesando 1045830804150352: name 'extraer_precio_mejorado' is not defined
2025-05-28 15:19:38,048 - INFO - 
Procesando 1049282790455190 - https://www.facebook.com/marketplace/item/1049282790455190/
2025-05-28 15:19:39,956 - ERROR - ❌ Error procesando 1049282790455190: name 'extraer_precio_mejorado' is not defined
2025-05-28 15:19:39,956 - INFO - 
Procesando 1049809860412520 - https://www.facebook.com/marketplace/item/1049809860412520/
2025-05-28 15:19:42,250 - ERROR - ❌ Error procesando 1049809860412520: name 'extraer_precio_mejorado' is not defined
2025-05-28 15:19:42,250 - INFO - 
Procesando 1050016173645242 - https://www.facebook.com/marketplace/item/1050016173645242/
2025-05-28 15:19:44,778 - ERROR - ❌ Error procesando 1050016173645242: name 'extraer_precio_mejorado' is not defined
2025-05-28 15:19:44,778 - INFO - 
Procesando 1050453473690260 - https://www.facebook.com/marketplace/item/1050453473690260/
2025-05-28 15:19:46,915 - ERROR - ❌ Error procesando 1050453473690260: name 'extraer_precio_mejorado' is not defined
2025-05-28 15:19:46,916 - INFO - 
Procesando 1050465643660841 - https://www.facebook.com/marketplace/item/1050465643660841/
2025-05-28 15:19:50,113 - ERROR - ❌ Error procesando 1050465643660841: name 'extraer_precio_mejorado' is not defined
2025-05-28 15:19:50,113 - INFO - 
Procesando 1053445973331670 - https://www.facebook.com/marketplace/item/1053445973331670/
2025-05-28 15:19:52,344 - ERROR - ❌ Error procesando 1053445973331670: name 'extraer_precio_mejorado' is not defined
2025-05-28 15:19:52,344 - INFO - 
Procesando 1053880173291896 - https://www.facebook.com/marketplace/item/1053880173291896/
2025-05-28 15:19:54,748 - ERROR - ❌ Error procesando 1053880173291896: name 'extraer_precio_mejorado' is not defined
2025-05-28 15:19:54,748 - INFO - 
Procesando 1055226633317721 - https://www.facebook.com/marketplace/item/1055226633317721/
2025-05-28 15:19:58,313 - ERROR - ❌ Error procesando 1055226633317721: name 'extraer_precio_mejorado' is not defined
2025-05-28 15:19:58,313 - INFO - 
Procesando 1057566999587079 - https://www.facebook.com/marketplace/item/1057566999587079/
2025-05-28 15:20:00,840 - ERROR - ❌ Error procesando 1057566999587079: name 'extraer_precio_mejorado' is not defined
2025-05-28 15:20:00,841 - INFO - Progreso guardado
2025-05-28 15:20:00,841 - INFO - 
Procesando 1057615292480944 - https://www.facebook.com/marketplace/item/1057615292480944/
2025-05-28 15:20:04,405 - ERROR - ❌ Error procesando 1057615292480944: name 'extraer_precio_mejorado' is not defined
2025-05-28 15:20:04,405 - INFO - 
Procesando 1058584839464307 - https://www.facebook.com/marketplace/item/1058584839464307/
2025-05-28 15:20:09,407 - ERROR - ❌ Error procesando 1058584839464307: name 'extraer_precio_mejorado' is not defined
2025-05-28 15:20:09,407 - INFO - 
Procesando 1061634862652573 - https://www.facebook.com/marketplace/item/1061634862652573/
2025-05-28 15:20:13,028 - ERROR - ❌ Error procesando 1061634862652573: name 'extraer_precio_mejorado' is not defined
2025-05-28 15:20:13,028 - INFO - 
Procesando 1068474741646394 - https://www.facebook.com/marketplace/item/1068474741646394/
2025-05-28 15:20:16,521 - ERROR - ❌ Error procesando 1068474741646394: name 'extraer_precio_mejorado' is not defined
2025-05-28 15:20:16,521 - INFO - 
Procesando 1069177355132219 - https://www.facebook.com/marketplace/item/1069177355132219/
2025-05-28 15:20:20,608 - ERROR - ❌ Error procesando 1069177355132219: name 'extraer_precio_mejorado' is not defined
2025-05-28 15:20:20,608 - INFO - 
Procesando 1071022074944343 - https://www.facebook.com/marketplace/item/1071022074944343/
2025-05-28 15:20:23,701 - ERROR - ❌ Error procesando 1071022074944343: name 'extraer_precio_mejorado' is not defined
2025-05-28 15:20:23,701 - INFO - 
Procesando 1072009718117564 - https://www.facebook.com/marketplace/item/1072009718117564/
2025-05-28 15:20:26,909 - ERROR - ❌ Error procesando 1072009718117564: name 'extraer_precio_mejorado' is not defined
2025-05-28 15:20:26,909 - INFO - 
Procesando 1075590087793001 - https://www.facebook.com/marketplace/item/1075590087793001/
2025-05-28 15:20:30,369 - ERROR - ❌ Error procesando 1075590087793001: name 'extraer_precio_mejorado' is not defined
2025-05-28 15:20:30,369 - INFO - 
Procesando 1076031194440281 - https://www.facebook.com/marketplace/item/1076031194440281/
2025-05-28 15:20:32,787 - ERROR - ❌ Error procesando 1076031194440281: name 'extraer_precio_mejorado' is not defined
2025-05-28 15:20:32,787 - INFO - 
Procesando 1076048401238546 - https://www.facebook.com/marketplace/item/1076048401238546/
2025-05-28 15:20:36,689 - ERROR - ❌ Error procesando 1076048401238546: name 'extraer_precio_mejorado' is not defined
2025-05-28 15:20:36,690 - INFO - Progreso guardado
2025-05-28 15:20:36,690 - INFO - 
Procesando 1076220794351159 - https://www.facebook.com/marketplace/item/1076220794351159/
2025-05-28 15:20:39,726 - ERROR - ❌ Error procesando 1076220794351159: name 'extraer_precio_mejorado' is not defined
2025-05-28 15:20:39,726 - INFO - 
Procesando 1080025830642209 - https://www.facebook.com/marketplace/item/1080025830642209/
2025-05-28 15:20:42,951 - ERROR - ❌ Error procesando 1080025830642209: name 'extraer_precio_mejorado' is not defined
2025-05-28 15:20:42,951 - INFO - 
Procesando 1082221757113074 - https://www.facebook.com/marketplace/item/1082221757113074/
2025-05-28 15:20:47,003 - ERROR - ❌ Error procesando 1082221757113074: name 'extraer_precio_mejorado' is not defined
2025-05-28 15:20:47,003 - INFO - 
Procesando 1087184093437387 - https://www.facebook.com/marketplace/item/1087184093437387/
2025-05-28 15:20:49,907 - ERROR - ❌ Error procesando 1087184093437387: name 'extraer_precio_mejorado' is not defined
2025-05-28 15:20:49,908 - INFO - 
Procesando 1089923569824040 - https://www.facebook.com/marketplace/item/1089923569824040/
2025-05-28 15:20:53,067 - ERROR - ❌ Error procesando 1089923569824040: name 'extraer_precio_mejorado' is not defined
2025-05-28 15:20:53,067 - INFO - 
Procesando 1091396142818372 - https://www.facebook.com/marketplace/item/1091396142818372/
2025-05-28 15:20:56,229 - ERROR - ❌ Error procesando 1091396142818372: name 'extraer_precio_mejorado' is not defined
2025-05-28 15:20:56,229 - INFO - 
Procesando 1097206218899898 - https://www.facebook.com/marketplace/item/1097206218899898/
2025-05-28 15:21:00,411 - ERROR - ❌ Error procesando 1097206218899898: name 'extraer_precio_mejorado' is not defined
2025-05-28 15:21:00,411 - INFO - 
Procesando 1102705768559220 - https://www.facebook.com/marketplace/item/1102705768559220/
2025-05-28 15:21:03,029 - ERROR - ❌ Error procesando 1102705768559220: name 'extraer_precio_mejorado' is not defined
2025-05-28 15:21:03,029 - INFO - 
Procesando 1114909303735828 - https://www.facebook.com/marketplace/item/1114909303735828/
2025-05-28 15:21:05,247 - ERROR - ❌ Error procesando 1114909303735828: name 'extraer_precio_mejorado' is not defined
2025-05-28 15:21:05,247 - INFO - 
Procesando 1115248793973064 - https://www.facebook.com/marketplace/item/1115248793973064/
2025-05-28 15:21:07,778 - ERROR - ❌ Error procesando 1115248793973064: name 'extraer_precio_mejorado' is not defined
2025-05-28 15:21:07,779 - INFO - Progreso guardado
2025-05-28 15:21:07,779 - INFO - 
Procesando 1117878590146726 - https://www.facebook.com/marketplace/item/1117878590146726/
2025-05-28 15:21:10,383 - ERROR - ❌ Error procesando 1117878590146726: name 'extraer_precio_mejorado' is not defined
2025-05-28 15:21:10,383 - INFO - 
Procesando 1121145263363802 - https://www.facebook.com/marketplace/item/1121145263363802/
2025-05-28 15:21:13,438 - ERROR - ❌ Error procesando 1121145263363802: name 'extraer_precio_mejorado' is not defined
2025-05-28 15:21:13,438 - INFO - 
Procesando 1126012115944523 - https://www.facebook.com/marketplace/item/1126012115944523/
2025-05-28 15:21:16,806 - ERROR - ❌ Error procesando 1126012115944523: name 'extraer_precio_mejorado' is not defined
2025-05-28 15:21:16,806 - INFO - 
Procesando 1128378592375943 - https://www.facebook.com/marketplace/item/1128378592375943/
2025-05-28 15:21:19,757 - ERROR - ❌ Error procesando 1128378592375943: name 'extraer_precio_mejorado' is not defined
2025-05-28 15:21:19,758 - INFO - 
Procesando 1133339491351046 - https://www.facebook.com/marketplace/item/1133339491351046/
2025-05-28 15:21:24,412 - ERROR - ❌ Error procesando 1133339491351046: name 'extraer_precio_mejorado' is not defined
2025-05-28 15:21:24,412 - INFO - 
Procesando 1135037261642335 - https://www.facebook.com/marketplace/item/1135037261642335/
2025-05-28 15:21:26,750 - ERROR - ❌ Error procesando 1135037261642335: name 'extraer_precio_mejorado' is not defined
2025-05-28 15:21:26,751 - INFO - 
Procesando 1138645248279806 - https://www.facebook.com/marketplace/item/1138645248279806/
2025-05-28 15:21:29,777 - ERROR - ❌ Error procesando 1138645248279806: name 'extraer_precio_mejorado' is not defined
2025-05-28 15:21:29,777 - INFO - 
Procesando 1138883324278817 - https://www.facebook.com/marketplace/item/1138883324278817/
2025-05-28 15:21:34,009 - ERROR - ❌ Error procesando 1138883324278817: name 'extraer_precio_mejorado' is not defined
2025-05-28 15:21:34,009 - INFO - 
Procesando 1142655137249031 - https://www.facebook.com/marketplace/item/1142655137249031/
2025-05-28 15:21:36,895 - ERROR - ❌ Error procesando 1142655137249031: name 'extraer_precio_mejorado' is not defined
2025-05-28 15:21:36,895 - INFO - 
Procesando 1146033620660667 - https://www.facebook.com/marketplace/item/1146033620660667/
2025-05-28 15:21:39,670 - ERROR - ❌ Error procesando 1146033620660667: name 'extraer_precio_mejorado' is not defined
2025-05-28 15:21:39,671 - INFO - Progreso guardado
2025-05-28 15:21:39,672 - INFO - 
Procesando 1148558623710275 - https://www.facebook.com/marketplace/item/1148558623710275/
2025-05-28 15:21:42,473 - ERROR - ❌ Error procesando 1148558623710275: name 'extraer_precio_mejorado' is not defined
2025-05-28 15:21:42,473 - INFO - 
Procesando 1151821929359580 - https://www.facebook.com/marketplace/item/1151821929359580/
2025-05-28 15:21:45,099 - ERROR - ❌ Error procesando 1151821929359580: name 'extraer_precio_mejorado' is not defined
2025-05-28 15:21:45,100 - INFO - 
Procesando 1159088452657589 - https://www.facebook.com/marketplace/item/1159088452657589/
2025-05-28 15:21:47,894 - ERROR - ❌ Error procesando 1159088452657589: name 'extraer_precio_mejorado' is not defined
2025-05-28 15:21:47,894 - INFO - 
Procesando 1162614742319630 - https://www.facebook.com/marketplace/item/1162614742319630/
2025-05-28 15:21:50,647 - ERROR - ❌ Error procesando 1162614742319630: name 'extraer_precio_mejorado' is not defined
2025-05-28 15:21:50,647 - INFO - 
Procesando 1162821828861473 - https://www.facebook.com/marketplace/item/1162821828861473/
2025-05-28 15:21:53,489 - ERROR - ❌ Error procesando 1162821828861473: name 'extraer_precio_mejorado' is not defined
2025-05-28 15:21:53,489 - INFO - 
Procesando 1167090101208923 - https://www.facebook.com/marketplace/item/1167090101208923/
2025-05-28 15:25:17,890 - INFO - Repositorio maestro cargado con 14 propiedades
2025-05-28 15:25:17,891 - INFO - 
Total de propiedades en repositorio: 729
2025-05-28 15:25:17,891 - INFO - Procesando solo: 5 propiedades
2025-05-28 15:25:17,891 - INFO - No disponibles: 5
2025-05-28 15:25:17,891 - INFO - Ya procesadas: 9
2025-05-28 15:25:18,762 - INFO - 
Procesando 1006568001405315 - https://www.facebook.com/marketplace/item/1006568001405315/
2025-05-28 15:25:40,559 - INFO - ✓ Datos extraídos en 21.8s
2025-05-28 15:25:40,559 - INFO - 
Procesando 1007677937965156 - https://www.facebook.com/marketplace/item/1007677937965156/
2025-05-28 15:26:04,048 - INFO - ✓ Datos extraídos en 23.5s
2025-05-28 15:26:04,049 - INFO - Progreso guardado
2025-05-28 15:26:04,049 - INFO - 
Procesando 1008107434806177 - https://www.facebook.com/marketplace/item/1008107434806177/
2025-05-28 15:26:27,838 - INFO - ✓ Datos extraídos en 23.8s
2025-05-28 15:26:27,838 - INFO - 
Procesando 10090002507709201 - https://www.facebook.com/marketplace/item/10090002507709201/
2025-05-28 15:26:51,264 - INFO - ✓ Datos extraídos en 23.4s
2025-05-28 15:26:51,265 - INFO - Progreso guardado
2025-05-28 15:26:51,265 - INFO - 
Procesando 1010679347359658 - https://www.facebook.com/marketplace/item/1010679347359658/
2025-05-28 15:27:14,739 - INFO - ✓ Datos extraídos en 23.5s
2025-05-28 15:27:14,858 - INFO - 
=== RESUMEN FINAL ===
2025-05-28 15:27:14,858 - INFO - Total de propiedades en el repositorio: 19
2025-05-28 15:27:14,858 - INFO - Procesadas exitosamente: 14
2025-05-28 15:27:14,858 - INFO - No disponibles: 5
2025-05-28 15:27:14,858 - INFO - Con errores: 0
2025-05-28 15:27:14,858 - INFO - Porcentaje de éxito: 100.0%
